[0820/124450.800:ERROR:process_reader_win.cc(123)] NtOpenThread: {Acesso Negado} Um processo solicitou acesso a um objeto, mas o direito de acesso não lhe foi concedido. (0xc0000022)
[0820/124450.800:ERROR:exception_snapshot_win.cc(98)] thread ID 7236 not found in process
[0820/124452.144:ERROR:process_info.cc(329)] VirtualQueryEx: Acesso negado. (0x5)
[0820/124452.144:ERROR:process_info.cc(556)] ReadMemoryInfo failed
[0820/124452.191:ERROR:process_info.cc(329)] VirtualQueryEx: Acesso negado. (0x5)
[0820/124452.191:ERROR:process_info.cc(556)] ReadMemoryInfo failed
[0820/124452.222:ERROR:process_info.cc(329)] VirtualQueryEx: Acesso negado. (0x5)
[0820/124452.222:ERROR:process_info.cc(556)] ReadMemoryInfo failed
[0820/124452.347:ERROR:process_reader_win.cc(123)] NtOpenThread: {Acesso Negado} Um processo solicitou acesso a um objeto, mas o direito de acesso não lhe foi concedido. (0xc0000022)
[0820/124452.347:ERROR:exception_snapshot_win.cc(98)] thread ID 15992 not found in process
[0820/124452.456:ERROR:process_info.cc(329)] VirtualQueryEx: Acesso negado. (0x5)
[0820/124452.456:ERROR:process_info.cc(556)] ReadMemoryInfo failed
[0820/124452.456:ERROR:scoped_process_suspend.cc(40)] NtResumeProcess: Tentou-se acessar um processo de saída. (0xc000010a)
[0820/124452.222:ERROR:scoped_process_suspend.cc(40)] NtResumeProcess: Tentou-se acessar um processo de saída. (0xc000010a)
[0820/124452.191:ERROR:scoped_process_suspend.cc(40)] NtResumeProcess: Tentou-se acessar um processo de saída. (0xc000010a)
[0820/124452.144:ERROR:scoped_process_suspend.cc(40)] NtResumeProcess: Tentou-se acessar um processo de saída. (0xc000010a)
[0820/124452.534:ERROR:process_info.cc(329)] VirtualQueryEx: Acesso negado. (0x5)
[0820/124452.534:ERROR:process_info.cc(556)] ReadMemoryInfo failed
[0820/124452.534:ERROR:scoped_process_suspend.cc(40)] NtResumeProcess: Tentou-se acessar um processo de saída. (0xc000010a)
[0820/124452.722:ERROR:process_info.cc(329)] VirtualQueryEx: Acesso negado. (0x5)
[0820/124452.722:ERROR:process_info.cc(556)] ReadMemoryInfo failed
[0820/124452.722:ERROR:scoped_process_suspend.cc(40)] NtResumeProcess: Tentou-se acessar um processo de saída. (0xc000010a)
[0820/124452.941:ERROR:process_reader_win.cc(123)] NtOpenThread: {Acesso Negado} Um processo solicitou acesso a um objeto, mas o direito de acesso não lhe foi concedido. (0xc0000022)
[0820/124452.941:ERROR:exception_snapshot_win.cc(98)] thread ID 1816 not found in process
[0820/124453.019:ERROR:process_reader_win.cc(123)] NtOpenThread: {Acesso Negado} Um processo solicitou acesso a um objeto, mas o direito de acesso não lhe foi concedido. (0xc0000022)
[0820/124453.019:ERROR:exception_snapshot_win.cc(98)] thread ID 8060 not found in process
[0820/124453.159:ERROR:process_reader_win.cc(123)] NtOpenThread: {Acesso Negado} Um processo solicitou acesso a um objeto, mas o direito de acesso não lhe foi concedido. (0xc0000022)
[0820/124453.159:ERROR:exception_snapshot_win.cc(98)] thread ID 9560 not found in process
[0820/124453.769:ERROR:process_reader_win.cc(123)] NtOpenThread: {Acesso Negado} Um processo solicitou acesso a um objeto, mas o direito de acesso não lhe foi concedido. (0xc0000022)
[0820/124453.769:ERROR:exception_snapshot_win.cc(98)] thread ID 14308 not found in process
